[     274ms] [LOG] startCountdown called. timeLeft: 600 @ https://kien-tap-code.vercel.app/chunk-G7I4AQHC.js:0
[    1275ms] [LOG] Timer ticking. Current timeLeft: 600 @ https://kien-tap-code.vercel.app/chunk-G7I4AQHC.js:0
[    2290ms] [LOG] Timer ticking. Current timeLeft: 599 @ https://kien-tap-code.vercel.app/chunk-G7I4AQHC.js:0
[    3276ms] [LOG] Timer ticking. Current timeLeft: 598 @ https://kien-tap-code.vercel.app/chunk-G7I4AQHC.js:0
[    4283ms] [LOG] Timer ticking. Current timeLeft: 597 @ https://kien-tap-code.vercel.app/chunk-G7I4AQHC.js:0
[    5278ms] [LOG] Timer ticking. Current timeLeft: 596 @ https://kien-tap-code.vercel.app/chunk-G7I4AQHC.js:0
[    6277ms] [LOG] Timer ticking. Current timeLeft: 595 @ https://kien-tap-code.vercel.app/chunk-G7I4AQHC.js:0
[    7276ms] [LOG] Timer ticking. Current timeLeft: 594 @ https://kien-tap-code.vercel.app/chunk-G7I4AQHC.js:0
[    8278ms] [LOG] Timer ticking. Current timeLeft: 593 @ https://kien-tap-code.vercel.app/chunk-G7I4AQHC.js:0
[    9291ms] [LOG] Timer ticking. Current timeLeft: 592 @ https://kien-tap-code.vercel.app/chunk-G7I4AQHC.js:0
[   10277ms] [LOG] Timer ticking. Current timeLeft: 591 @ https://kien-tap-code.vercel.app/chunk-G7I4AQHC.js:0
[   11278ms] [LOG] Timer ticking. Current timeLeft: 590 @ https://kien-tap-code.vercel.app/chunk-G7I4AQHC.js:0
[   12279ms] [LOG] Timer ticking. Current timeLeft: 589 @ https://kien-tap-code.vercel.app/chunk-G7I4AQHC.js:0
[   13275ms] [LOG] Timer ticking. Current timeLeft: 588 @ https://kien-tap-code.vercel.app/chunk-G7I4AQHC.js:0
[   14275ms] [LOG] Timer ticking. Current timeLeft: 587 @ https://kien-tap-code.vercel.app/chunk-G7I4AQHC.js:0
[   15276ms] [LOG] Timer ticking. Current timeLeft: 586 @ https://kien-tap-code.vercel.app/chunk-G7I4AQHC.js:0
[   16276ms] [LOG] Timer ticking. Current timeLeft: 585 @ https://kien-tap-code.vercel.app/chunk-G7I4AQHC.js:0
[   17275ms] [LOG] Timer ticking. Current timeLeft: 584 @ https://kien-tap-code.vercel.app/chunk-G7I4AQHC.js:0
[   18286ms] [LOG] Timer ticking. Current timeLeft: 583 @ https://kien-tap-code.vercel.app/chunk-G7I4AQHC.js:0
[   19276ms] [LOG] Timer ticking. Current timeLeft: 582 @ https://kien-tap-code.vercel.app/chunk-G7I4AQHC.js:0
[   20290ms] [LOG] Timer ticking. Current timeLeft: 581 @ https://kien-tap-code.vercel.app/chunk-G7I4AQHC.js:0
[   21275ms] [LOG] Timer ticking. Current timeLeft: 580 @ https://kien-tap-code.vercel.app/chunk-G7I4AQHC.js:0
[   22289ms] [LOG] Timer ticking. Current timeLeft: 579 @ https://kien-tap-code.vercel.app/chunk-G7I4AQHC.js:0
[   23291ms] [LOG] Timer ticking. Current timeLeft: 578 @ https://kien-tap-code.vercel.app/chunk-G7I4AQHC.js:0
[   24275ms] [LOG] Timer ticking. Current timeLeft: 577 @ https://kien-tap-code.vercel.app/chunk-G7I4AQHC.js:0
[   25276ms] [LOG] Timer ticking. Current timeLeft: 576 @ https://kien-tap-code.vercel.app/chunk-G7I4AQHC.js:0
[   26290ms] [LOG] Timer ticking. Current timeLeft: 575 @ https://kien-tap-code.vercel.app/chunk-G7I4AQHC.js:0
[   27277ms] [LOG] Timer ticking. Current timeLeft: 574 @ https://kien-tap-code.vercel.app/chunk-G7I4AQHC.js:0
[   28289ms] [LOG] Timer ticking. Current timeLeft: 573 @ https://kien-tap-code.vercel.app/chunk-G7I4AQHC.js:0
[   29275ms] [LOG] Timer ticking. Current timeLeft: 572 @ https://kien-tap-code.vercel.app/chunk-G7I4AQHC.js:0
[   30285ms] [LOG] Timer ticking. Current timeLeft: 571 @ https://kien-tap-code.vercel.app/chunk-G7I4AQHC.js:0
[   31288ms] [LOG] Timer ticking. Current timeLeft: 570 @ https://kien-tap-code.vercel.app/chunk-G7I4AQHC.js:0
[   32287ms] [LOG] Timer ticking. Current timeLeft: 569 @ https://kien-tap-code.vercel.app/chunk-G7I4AQHC.js:0
[   33275ms] [LOG] Timer ticking. Current timeLeft: 568 @ https://kien-tap-code.vercel.app/chunk-G7I4AQHC.js:0
[   34283ms] [LOG] Timer ticking. Current timeLeft: 567 @ https://kien-tap-code.vercel.app/chunk-G7I4AQHC.js:0
[   35275ms] [LOG] Timer ticking. Current timeLeft: 566 @ https://kien-tap-code.vercel.app/chunk-G7I4AQHC.js:0
[   36284ms] [LOG] Timer ticking. Current timeLeft: 565 @ https://kien-tap-code.vercel.app/chunk-G7I4AQHC.js:0
[   37283ms] [LOG] Timer ticking. Current timeLeft: 564 @ https://kien-tap-code.vercel.app/chunk-G7I4AQHC.js:0
[   38281ms] [LOG] Timer ticking. Current timeLeft: 563 @ https://kien-tap-code.vercel.app/chunk-G7I4AQHC.js:0
[   39275ms] [LOG] Timer ticking. Current timeLeft: 562 @ https://kien-tap-code.vercel.app/chunk-G7I4AQHC.js:0
[   40276ms] [LOG] Timer ticking. Current timeLeft: 561 @ https://kien-tap-code.vercel.app/chunk-G7I4AQHC.js:0
[   41277ms] [LOG] Timer ticking. Current timeLeft: 560 @ https://kien-tap-code.vercel.app/chunk-G7I4AQHC.js:0
[   42276ms] [LOG] Timer ticking. Current timeLeft: 559 @ https://kien-tap-code.vercel.app/chunk-G7I4AQHC.js:0
[   43276ms] [LOG] Timer ticking. Current timeLeft: 558 @ https://kien-tap-code.vercel.app/chunk-G7I4AQHC.js:0
[   44276ms] [LOG] Timer ticking. Current timeLeft: 557 @ https://kien-tap-code.vercel.app/chunk-G7I4AQHC.js:0
[   45277ms] [LOG] Timer ticking. Current timeLeft: 556 @ https://kien-tap-code.vercel.app/chunk-G7I4AQHC.js:0
[   46276ms] [LOG] Timer ticking. Current timeLeft: 555 @ https://kien-tap-code.vercel.app/chunk-G7I4AQHC.js:0
[   47289ms] [LOG] Timer ticking. Current timeLeft: 554 @ https://kien-tap-code.vercel.app/chunk-G7I4AQHC.js:0
[   48286ms] [LOG] Timer ticking. Current timeLeft: 553 @ https://kien-tap-code.vercel.app/chunk-G7I4AQHC.js:0
[   49285ms] [LOG] Timer ticking. Current timeLeft: 552 @ https://kien-tap-code.vercel.app/chunk-G7I4AQHC.js:0
[   50284ms] [LOG] Timer ticking. Current timeLeft: 551 @ https://kien-tap-code.vercel.app/chunk-G7I4AQHC.js:0
[   51283ms] [LOG] Timer ticking. Current timeLeft: 550 @ https://kien-tap-code.vercel.app/chunk-G7I4AQHC.js:0
[   52283ms] [LOG] Timer ticking. Current timeLeft: 549 @ https://kien-tap-code.vercel.app/chunk-G7I4AQHC.js:0
[   53283ms] [LOG] Timer ticking. Current timeLeft: 548 @ https://kien-tap-code.vercel.app/chunk-G7I4AQHC.js:0
[   54282ms] [LOG] Timer ticking. Current timeLeft: 547 @ https://kien-tap-code.vercel.app/chunk-G7I4AQHC.js:0
[   55281ms] [LOG] Timer ticking. Current timeLeft: 546 @ https://kien-tap-code.vercel.app/chunk-G7I4AQHC.js:0
[   56279ms] [LOG] Timer ticking. Current timeLeft: 545 @ https://kien-tap-code.vercel.app/chunk-G7I4AQHC.js:0
[   57279ms] [LOG] Timer ticking. Current timeLeft: 544 @ https://kien-tap-code.vercel.app/chunk-G7I4AQHC.js:0
[   58276ms] [LOG] Timer ticking. Current timeLeft: 543 @ https://kien-tap-code.vercel.app/chunk-G7I4AQHC.js:0
[   59285ms] [LOG] Timer ticking. Current timeLeft: 542 @ https://kien-tap-code.vercel.app/chunk-G7I4AQHC.js:0
[   60286ms] [LOG] Timer ticking. Current timeLeft: 541 @ https://kien-tap-code.vercel.app/chunk-G7I4AQHC.js:0
[   61288ms] [LOG] Timer ticking. Current timeLeft: 540 @ https://kien-tap-code.vercel.app/chunk-G7I4AQHC.js:0
[   62288ms] [LOG] Timer ticking. Current timeLeft: 539 @ https://kien-tap-code.vercel.app/chunk-G7I4AQHC.js:0
[   63290ms] [LOG] Timer ticking. Current timeLeft: 538 @ https://kien-tap-code.vercel.app/chunk-G7I4AQHC.js:0
[   64289ms] [LOG] Timer ticking. Current timeLeft: 537 @ https://kien-tap-code.vercel.app/chunk-G7I4AQHC.js:0
[   65284ms] [LOG] Timer ticking. Current timeLeft: 536 @ https://kien-tap-code.vercel.app/chunk-G7I4AQHC.js:0
[   66284ms] [LOG] Timer ticking. Current timeLeft: 535 @ https://kien-tap-code.vercel.app/chunk-G7I4AQHC.js:0
[   67289ms] [LOG] Timer ticking. Current timeLeft: 534 @ https://kien-tap-code.vercel.app/chunk-G7I4AQHC.js:0
[   68287ms] [LOG] Timer ticking. Current timeLeft: 533 @ https://kien-tap-code.vercel.app/chunk-G7I4AQHC.js:0
[   69287ms] [LOG] Timer ticking. Current timeLeft: 532 @ https://kien-tap-code.vercel.app/chunk-G7I4AQHC.js:0
[   70275ms] [LOG] Timer ticking. Current timeLeft: 531 @ https://kien-tap-code.vercel.app/chunk-G7I4AQHC.js:0
[   71276ms] [LOG] Timer ticking. Current timeLeft: 530 @ https://kien-tap-code.vercel.app/chunk-G7I4AQHC.js:0
[   72290ms] [LOG] Timer ticking. Current timeLeft: 529 @ https://kien-tap-code.vercel.app/chunk-G7I4AQHC.js:0
[   73276ms] [LOG] Timer ticking. Current timeLeft: 528 @ https://kien-tap-code.vercel.app/chunk-G7I4AQHC.js:0
[   74280ms] [LOG] Timer ticking. Current timeLeft: 527 @ https://kien-tap-code.vercel.app/chunk-G7I4AQHC.js:0
[   75283ms] [LOG] Timer ticking. Current timeLeft: 526 @ https://kien-tap-code.vercel.app/chunk-G7I4AQHC.js:0
[   76282ms] [LOG] Timer ticking. Current timeLeft: 525 @ https://kien-tap-code.vercel.app/chunk-G7I4AQHC.js:0
[   77285ms] [LOG] Timer ticking. Current timeLeft: 524 @ https://kien-tap-code.vercel.app/chunk-G7I4AQHC.js:0
[   78284ms] [LOG] Timer ticking. Current timeLeft: 523 @ https://kien-tap-code.vercel.app/chunk-G7I4AQHC.js:0
[   79286ms] [LOG] Timer ticking. Current timeLeft: 522 @ https://kien-tap-code.vercel.app/chunk-G7I4AQHC.js:0
[   80288ms] [LOG] Timer ticking. Current timeLeft: 521 @ https://kien-tap-code.vercel.app/chunk-G7I4AQHC.js:0
[   81278ms] [LOG] Timer ticking. Current timeLeft: 520 @ https://kien-tap-code.vercel.app/chunk-G7I4AQHC.js:0
[   82282ms] [LOG] Timer ticking. Current timeLeft: 519 @ https://kien-tap-code.vercel.app/chunk-G7I4AQHC.js:0
[   83286ms] [LOG] Timer ticking. Current timeLeft: 518 @ https://kien-tap-code.vercel.app/chunk-G7I4AQHC.js:0
[   84284ms] [LOG] Timer ticking. Current timeLeft: 517 @ https://kien-tap-code.vercel.app/chunk-G7I4AQHC.js:0
[   85279ms] [LOG] Timer ticking. Current timeLeft: 516 @ https://kien-tap-code.vercel.app/chunk-G7I4AQHC.js:0
[   86288ms] [LOG] Timer ticking. Current timeLeft: 515 @ https://kien-tap-code.vercel.app/chunk-G7I4AQHC.js:0
[   87287ms] [LOG] Timer ticking. Current timeLeft: 514 @ https://kien-tap-code.vercel.app/chunk-G7I4AQHC.js:0
[   88276ms] [LOG] Timer ticking. Current timeLeft: 513 @ https://kien-tap-code.vercel.app/chunk-G7I4AQHC.js:0
[   89278ms] [LOG] Timer ticking. Current timeLeft: 512 @ https://kien-tap-code.vercel.app/chunk-G7I4AQHC.js:0
[   90280ms] [LOG] Timer ticking. Current timeLeft: 511 @ https://kien-tap-code.vercel.app/chunk-G7I4AQHC.js:0
[   91278ms] [LOG] Timer ticking. Current timeLeft: 510 @ https://kien-tap-code.vercel.app/chunk-G7I4AQHC.js:0
[   92289ms] [LOG] Timer ticking. Current timeLeft: 509 @ https://kien-tap-code.vercel.app/chunk-G7I4AQHC.js:0
[   93276ms] [LOG] Timer ticking. Current timeLeft: 508 @ https://kien-tap-code.vercel.app/chunk-G7I4AQHC.js:0
[   94289ms] [LOG] Timer ticking. Current timeLeft: 507 @ https://kien-tap-code.vercel.app/chunk-G7I4AQHC.js:0
[   95290ms] [LOG] Timer ticking. Current timeLeft: 506 @ https://kien-tap-code.vercel.app/chunk-G7I4AQHC.js:0
[   96288ms] [LOG] Timer ticking. Current timeLeft: 505 @ https://kien-tap-code.vercel.app/chunk-G7I4AQHC.js:0
[   97289ms] [LOG] Timer ticking. Current timeLeft: 504 @ https://kien-tap-code.vercel.app/chunk-G7I4AQHC.js:0
[   98290ms] [LOG] Timer ticking. Current timeLeft: 503 @ https://kien-tap-code.vercel.app/chunk-G7I4AQHC.js:0
[   99277ms] [LOG] Timer ticking. Current timeLeft: 502 @ https://kien-tap-code.vercel.app/chunk-G7I4AQHC.js:0
[  100280ms] [LOG] Timer ticking. Current timeLeft: 501 @ https://kien-tap-code.vercel.app/chunk-G7I4AQHC.js:0
[  101277ms] [LOG] Timer ticking. Current timeLeft: 500 @ https://kien-tap-code.vercel.app/chunk-G7I4AQHC.js:0
[  102290ms] [LOG] Timer ticking. Current timeLeft: 499 @ https://kien-tap-code.vercel.app/chunk-G7I4AQHC.js:0
[  103290ms] [LOG] Timer ticking. Current timeLeft: 498 @ https://kien-tap-code.vercel.app/chunk-G7I4AQHC.js:0
[  104289ms] [LOG] Timer ticking. Current timeLeft: 497 @ https://kien-tap-code.vercel.app/chunk-G7I4AQHC.js:0
[  105290ms] [LOG] Timer ticking. Current timeLeft: 496 @ https://kien-tap-code.vercel.app/chunk-G7I4AQHC.js:0
[  106280ms] [LOG] Timer ticking. Current timeLeft: 495 @ https://kien-tap-code.vercel.app/chunk-G7I4AQHC.js:0
[  107275ms] [LOG] Timer ticking. Current timeLeft: 494 @ https://kien-tap-code.vercel.app/chunk-G7I4AQHC.js:0
[  108279ms] [LOG] Timer ticking. Current timeLeft: 493 @ https://kien-tap-code.vercel.app/chunk-G7I4AQHC.js:0
[  109290ms] [LOG] Timer ticking. Current timeLeft: 492 @ https://kien-tap-code.vercel.app/chunk-G7I4AQHC.js:0
[  110288ms] [LOG] Timer ticking. Current timeLeft: 491 @ https://kien-tap-code.vercel.app/chunk-G7I4AQHC.js:0
[  111287ms] [LOG] Timer ticking. Current timeLeft: 490 @ https://kien-tap-code.vercel.app/chunk-G7I4AQHC.js:0
[  112276ms] [LOG] Timer ticking. Current timeLeft: 489 @ https://kien-tap-code.vercel.app/chunk-G7I4AQHC.js:0
[  113277ms] [LOG] Timer ticking. Current timeLeft: 488 @ https://kien-tap-code.vercel.app/chunk-G7I4AQHC.js:0
[  114289ms] [LOG] Timer ticking. Current timeLeft: 487 @ https://kien-tap-code.vercel.app/chunk-G7I4AQHC.js:0
[  115285ms] [LOG] Timer ticking. Current timeLeft: 486 @ https://kien-tap-code.vercel.app/chunk-G7I4AQHC.js:0
[  116289ms] [LOG] Timer ticking. Current timeLeft: 485 @ https://kien-tap-code.vercel.app/chunk-G7I4AQHC.js:0
[  117284ms] [LOG] Timer ticking. Current timeLeft: 484 @ https://kien-tap-code.vercel.app/chunk-G7I4AQHC.js:0
[  118280ms] [LOG] Timer ticking. Current timeLeft: 483 @ https://kien-tap-code.vercel.app/chunk-G7I4AQHC.js:0
[  119278ms] [LOG] Timer ticking. Current timeLeft: 482 @ https://kien-tap-code.vercel.app/chunk-G7I4AQHC.js:0
[  120276ms] [LOG] Timer ticking. Current timeLeft: 481 @ https://kien-tap-code.vercel.app/chunk-G7I4AQHC.js:0
[  121282ms] [LOG] Timer ticking. Current timeLeft: 480 @ https://kien-tap-code.vercel.app/chunk-G7I4AQHC.js:0
[  122281ms] [LOG] Timer ticking. Current timeLeft: 479 @ https://kien-tap-code.vercel.app/chunk-G7I4AQHC.js:0
[  123276ms] [LOG] Timer ticking. Current timeLeft: 478 @ https://kien-tap-code.vercel.app/chunk-G7I4AQHC.js:0
[  124291ms] [LOG] Timer ticking. Current timeLeft: 477 @ https://kien-tap-code.vercel.app/chunk-G7I4AQHC.js:0
[  125285ms] [LOG] Timer ticking. Current timeLeft: 476 @ https://kien-tap-code.vercel.app/chunk-G7I4AQHC.js:0
[  126285ms] [LOG] Timer ticking. Current timeLeft: 475 @ https://kien-tap-code.vercel.app/chunk-G7I4AQHC.js:0
[  127281ms] [LOG] Timer ticking. Current timeLeft: 474 @ https://kien-tap-code.vercel.app/chunk-G7I4AQHC.js:0
[  128280ms] [LOG] Timer ticking. Current timeLeft: 473 @ https://kien-tap-code.vercel.app/chunk-G7I4AQHC.js:0
[  129279ms] [LOG] Timer ticking. Current timeLeft: 472 @ https://kien-tap-code.vercel.app/chunk-G7I4AQHC.js:0
[  130280ms] [LOG] Timer ticking. Current timeLeft: 471 @ https://kien-tap-code.vercel.app/chunk-G7I4AQHC.js:0
[  131279ms] [LOG] Timer ticking. Current timeLeft: 470 @ https://kien-tap-code.vercel.app/chunk-G7I4AQHC.js:0
[  132279ms] [LOG] Timer ticking. Current timeLeft: 469 @ https://kien-tap-code.vercel.app/chunk-G7I4AQHC.js:0
[  133278ms] [LOG] Timer ticking. Current timeLeft: 468 @ https://kien-tap-code.vercel.app/chunk-G7I4AQHC.js:0
[  134278ms] [LOG] Timer ticking. Current timeLeft: 467 @ https://kien-tap-code.vercel.app/chunk-G7I4AQHC.js:0
[  135278ms] [LOG] Timer ticking. Current timeLeft: 466 @ https://kien-tap-code.vercel.app/chunk-G7I4AQHC.js:0
[  136276ms] [LOG] Timer ticking. Current timeLeft: 465 @ https://kien-tap-code.vercel.app/chunk-G7I4AQHC.js:0
[  137276ms] [LOG] Timer ticking. Current timeLeft: 464 @ https://kien-tap-code.vercel.app/chunk-G7I4AQHC.js:0
[  138278ms] [LOG] Timer ticking. Current timeLeft: 463 @ https://kien-tap-code.vercel.app/chunk-G7I4AQHC.js:0
[  139277ms] [LOG] Timer ticking. Current timeLeft: 462 @ https://kien-tap-code.vercel.app/chunk-G7I4AQHC.js:0
[  140290ms] [LOG] Timer ticking. Current timeLeft: 461 @ https://kien-tap-code.vercel.app/chunk-G7I4AQHC.js:0
[  141285ms] [LOG] Timer ticking. Current timeLeft: 460 @ https://kien-tap-code.vercel.app/chunk-G7I4AQHC.js:0
[  142289ms] [LOG] Timer ticking. Current timeLeft: 459 @ https://kien-tap-code.vercel.app/chunk-G7I4AQHC.js:0
[  143290ms] [LOG] Timer ticking. Current timeLeft: 458 @ https://kien-tap-code.vercel.app/chunk-G7I4AQHC.js:0
[  144289ms] [LOG] Timer ticking. Current timeLeft: 457 @ https://kien-tap-code.vercel.app/chunk-G7I4AQHC.js:0
[  145279ms] [LOG] Timer ticking. Current timeLeft: 456 @ https://kien-tap-code.vercel.app/chunk-G7I4AQHC.js:0
[  146282ms] [LOG] Timer ticking. Current timeLeft: 455 @ https://kien-tap-code.vercel.app/chunk-G7I4AQHC.js:0
[  147285ms] [LOG] Timer ticking. Current timeLeft: 454 @ https://kien-tap-code.vercel.app/chunk-G7I4AQHC.js:0
[  148289ms] [LOG] Timer ticking. Current timeLeft: 453 @ https://kien-tap-code.vercel.app/chunk-G7I4AQHC.js:0
[  149289ms] [LOG] Timer ticking. Current timeLeft: 452 @ https://kien-tap-code.vercel.app/chunk-G7I4AQHC.js:0
[  150289ms] [LOG] Timer ticking. Current timeLeft: 451 @ https://kien-tap-code.vercel.app/chunk-G7I4AQHC.js:0
[  151287ms] [LOG] Timer ticking. Current timeLeft: 450 @ https://kien-tap-code.vercel.app/chunk-G7I4AQHC.js:0
[  152283ms] [LOG] Timer ticking. Current timeLeft: 449 @ https://kien-tap-code.vercel.app/chunk-G7I4AQHC.js:0
[  153277ms] [LOG] Timer ticking. Current timeLeft: 448 @ https://kien-tap-code.vercel.app/chunk-G7I4AQHC.js:0
[  154278ms] [LOG] Timer ticking. Current timeLeft: 447 @ https://kien-tap-code.vercel.app/chunk-G7I4AQHC.js:0
[  155278ms] [LOG] Timer ticking. Current timeLeft: 446 @ https://kien-tap-code.vercel.app/chunk-G7I4AQHC.js:0
[  156278ms] [LOG] Timer ticking. Current timeLeft: 445 @ https://kien-tap-code.vercel.app/chunk-G7I4AQHC.js:0
[  157290ms] [LOG] Timer ticking. Current timeLeft: 444 @ https://kien-tap-code.vercel.app/chunk-G7I4AQHC.js:0
[  158278ms] [LOG] Timer ticking. Current timeLeft: 443 @ https://kien-tap-code.vercel.app/chunk-G7I4AQHC.js:0
[  159285ms] [LOG] Timer ticking. Current timeLeft: 442 @ https://kien-tap-code.vercel.app/chunk-G7I4AQHC.js:0
[  160289ms] [LOG] Timer ticking. Current timeLeft: 441 @ https://kien-tap-code.vercel.app/chunk-G7I4AQHC.js:0
[  161287ms] [LOG] Timer ticking. Current timeLeft: 440 @ https://kien-tap-code.vercel.app/chunk-G7I4AQHC.js:0
[  162291ms] [LOG] Timer ticking. Current timeLeft: 439 @ https://kien-tap-code.vercel.app/chunk-G7I4AQHC.js:0
[  163286ms] [LOG] Timer ticking. Current timeLeft: 438 @ https://kien-tap-code.vercel.app/chunk-G7I4AQHC.js:0
[  164290ms] [LOG] Timer ticking. Current timeLeft: 437 @ https://kien-tap-code.vercel.app/chunk-G7I4AQHC.js:0
[  165281ms] [LOG] Timer ticking. Current timeLeft: 436 @ https://kien-tap-code.vercel.app/chunk-G7I4AQHC.js:0
[  166284ms] [LOG] Timer ticking. Current timeLeft: 435 @ https://kien-tap-code.vercel.app/chunk-G7I4AQHC.js:0
[  167287ms] [LOG] Timer ticking. Current timeLeft: 434 @ https://kien-tap-code.vercel.app/chunk-G7I4AQHC.js:0
[  168285ms] [LOG] Timer ticking. Current timeLeft: 433 @ https://kien-tap-code.vercel.app/chunk-G7I4AQHC.js:0
[  169276ms] [LOG] Timer ticking. Current timeLeft: 432 @ https://kien-tap-code.vercel.app/chunk-G7I4AQHC.js:0
[  170278ms] [LOG] Timer ticking. Current timeLeft: 431 @ https://kien-tap-code.vercel.app/chunk-G7I4AQHC.js:0
[  171282ms] [LOG] Timer ticking. Current timeLeft: 430 @ https://kien-tap-code.vercel.app/chunk-G7I4AQHC.js:0
[  172287ms] [LOG] Timer ticking. Current timeLeft: 429 @ https://kien-tap-code.vercel.app/chunk-G7I4AQHC.js:0
[  173290ms] [LOG] Timer ticking. Current timeLeft: 428 @ https://kien-tap-code.vercel.app/chunk-G7I4AQHC.js:0
[  174288ms] [LOG] Timer ticking. Current timeLeft: 427 @ https://kien-tap-code.vercel.app/chunk-G7I4AQHC.js:0
[  175289ms] [LOG] Timer ticking. Current timeLeft: 426 @ https://kien-tap-code.vercel.app/chunk-G7I4AQHC.js:0
[  176281ms] [LOG] Timer ticking. Current timeLeft: 425 @ https://kien-tap-code.vercel.app/chunk-G7I4AQHC.js:0
[  177285ms] [LOG] Timer ticking. Current timeLeft: 424 @ https://kien-tap-code.vercel.app/chunk-G7I4AQHC.js:0
[  178285ms] [LOG] Timer ticking. Current timeLeft: 423 @ https://kien-tap-code.vercel.app/chunk-G7I4AQHC.js:0
[  179282ms] [LOG] Timer ticking. Current timeLeft: 422 @ https://kien-tap-code.vercel.app/chunk-G7I4AQHC.js:0
[  180283ms] [LOG] Timer ticking. Current timeLeft: 421 @ https://kien-tap-code.vercel.app/chunk-G7I4AQHC.js:0
[  181283ms] [LOG] Timer ticking. Current timeLeft: 420 @ https://kien-tap-code.vercel.app/chunk-G7I4AQHC.js:0
[  182276ms] [LOG] Timer ticking. Current timeLeft: 419 @ https://kien-tap-code.vercel.app/chunk-G7I4AQHC.js:0
[  183278ms] [LOG] Timer ticking. Current timeLeft: 418 @ https://kien-tap-code.vercel.app/chunk-G7I4AQHC.js:0
[  184278ms] [LOG] Timer ticking. Current timeLeft: 417 @ https://kien-tap-code.vercel.app/chunk-G7I4AQHC.js:0
[  185276ms] [LOG] Timer ticking. Current timeLeft: 416 @ https://kien-tap-code.vercel.app/chunk-G7I4AQHC.js:0
[  186276ms] [LOG] Timer ticking. Current timeLeft: 415 @ https://kien-tap-code.vercel.app/chunk-G7I4AQHC.js:0
[  187283ms] [LOG] Timer ticking. Current timeLeft: 414 @ https://kien-tap-code.vercel.app/chunk-G7I4AQHC.js:0
[  188286ms] [LOG] Timer ticking. Current timeLeft: 413 @ https://kien-tap-code.vercel.app/chunk-G7I4AQHC.js:0
[  189275ms] [LOG] Timer ticking. Current timeLeft: 412 @ https://kien-tap-code.vercel.app/chunk-G7I4AQHC.js:0
[  190281ms] [LOG] Timer ticking. Current timeLeft: 411 @ https://kien-tap-code.vercel.app/chunk-G7I4AQHC.js:0
[  191277ms] [LOG] Timer ticking. Current timeLeft: 410 @ https://kien-tap-code.vercel.app/chunk-G7I4AQHC.js:0
[  192279ms] [LOG] Timer ticking. Current timeLeft: 409 @ https://kien-tap-code.vercel.app/chunk-G7I4AQHC.js:0
[  193279ms] [LOG] Timer ticking. Current timeLeft: 408 @ https://kien-tap-code.vercel.app/chunk-G7I4AQHC.js:0
[  194288ms] [LOG] Timer ticking. Current timeLeft: 407 @ https://kien-tap-code.vercel.app/chunk-G7I4AQHC.js:0
[  195275ms] [LOG] Timer ticking. Current timeLeft: 406 @ https://kien-tap-code.vercel.app/chunk-G7I4AQHC.js:0
[  196290ms] [LOG] Timer ticking. Current timeLeft: 405 @ https://kien-tap-code.vercel.app/chunk-G7I4AQHC.js:0
[  197291ms] [LOG] Timer ticking. Current timeLeft: 404 @ https://kien-tap-code.vercel.app/chunk-G7I4AQHC.js:0
[  198277ms] [LOG] Timer ticking. Current timeLeft: 403 @ https://kien-tap-code.vercel.app/chunk-G7I4AQHC.js:0
[  199276ms] [LOG] Timer ticking. Current timeLeft: 402 @ https://kien-tap-code.vercel.app/chunk-G7I4AQHC.js:0
[  200281ms] [LOG] Timer ticking. Current timeLeft: 401 @ https://kien-tap-code.vercel.app/chunk-G7I4AQHC.js:0
[  201276ms] [LOG] Timer ticking. Current timeLeft: 400 @ https://kien-tap-code.vercel.app/chunk-G7I4AQHC.js:0
[  202275ms] [LOG] Timer ticking. Current timeLeft: 399 @ https://kien-tap-code.vercel.app/chunk-G7I4AQHC.js:0
[  203276ms] [LOG] Timer ticking. Current timeLeft: 398 @ https://kien-tap-code.vercel.app/chunk-G7I4AQHC.js:0
[  204290ms] [LOG] Timer ticking. Current timeLeft: 397 @ https://kien-tap-code.vercel.app/chunk-G7I4AQHC.js:0
[  205275ms] [LOG] Timer ticking. Current timeLeft: 396 @ https://kien-tap-code.vercel.app/chunk-G7I4AQHC.js:0
[  206288ms] [LOG] Timer ticking. Current timeLeft: 395 @ https://kien-tap-code.vercel.app/chunk-G7I4AQHC.js:0
[  207280ms] [LOG] Timer ticking. Current timeLeft: 394 @ https://kien-tap-code.vercel.app/chunk-G7I4AQHC.js:0
[  208275ms] [LOG] Timer ticking. Current timeLeft: 393 @ https://kien-tap-code.vercel.app/chunk-G7I4AQHC.js:0
[  209275ms] [LOG] Timer ticking. Current timeLeft: 392 @ https://kien-tap-code.vercel.app/chunk-G7I4AQHC.js:0
[  210275ms] [LOG] Timer ticking. Current timeLeft: 391 @ https://kien-tap-code.vercel.app/chunk-G7I4AQHC.js:0
[  211290ms] [LOG] Timer ticking. Current timeLeft: 390 @ https://kien-tap-code.vercel.app/chunk-G7I4AQHC.js:0
[  212281ms] [LOG] Timer ticking. Current timeLeft: 389 @ https://kien-tap-code.vercel.app/chunk-G7I4AQHC.js:0
[  213275ms] [LOG] Timer ticking. Current timeLeft: 388 @ https://kien-tap-code.vercel.app/chunk-G7I4AQHC.js:0
[  214289ms] [LOG] Timer ticking. Current timeLeft: 387 @ https://kien-tap-code.vercel.app/chunk-G7I4AQHC.js:0
[  215275ms] [LOG] Timer ticking. Current timeLeft: 386 @ https://kien-tap-code.vercel.app/chunk-G7I4AQHC.js:0
[  216275ms] [LOG] Timer ticking. Current timeLeft: 385 @ https://kien-tap-code.vercel.app/chunk-G7I4AQHC.js:0
[  217275ms] [LOG] Timer ticking. Current timeLeft: 384 @ https://kien-tap-code.vercel.app/chunk-G7I4AQHC.js:0
[  218276ms] [LOG] Timer ticking. Current timeLeft: 383 @ https://kien-tap-code.vercel.app/chunk-G7I4AQHC.js:0
[  219277ms] [LOG] Timer ticking. Current timeLeft: 382 @ https://kien-tap-code.vercel.app/chunk-G7I4AQHC.js:0
[  220276ms] [LOG] Timer ticking. Current timeLeft: 381 @ https://kien-tap-code.vercel.app/chunk-G7I4AQHC.js:0
[  221275ms] [LOG] Timer ticking. Current timeLeft: 380 @ https://kien-tap-code.vercel.app/chunk-G7I4AQHC.js:0
[  222276ms] [LOG] Timer ticking. Current timeLeft: 379 @ https://kien-tap-code.vercel.app/chunk-G7I4AQHC.js:0
[  223275ms] [LOG] Timer ticking. Current timeLeft: 378 @ https://kien-tap-code.vercel.app/chunk-G7I4AQHC.js:0
[  224288ms] [LOG] Timer ticking. Current timeLeft: 377 @ https://kien-tap-code.vercel.app/chunk-G7I4AQHC.js:0
[  225275ms] [LOG] Timer ticking. Current timeLeft: 376 @ https://kien-tap-code.vercel.app/chunk-G7I4AQHC.js:0
[  226276ms] [LOG] Timer ticking. Current timeLeft: 375 @ https://kien-tap-code.vercel.app/chunk-G7I4AQHC.js:0
[  227279ms] [LOG] Timer ticking. Current timeLeft: 374 @ https://kien-tap-code.vercel.app/chunk-G7I4AQHC.js:0
[  228285ms] [LOG] Timer ticking. Current timeLeft: 373 @ https://kien-tap-code.vercel.app/chunk-G7I4AQHC.js:0
[  229275ms] [LOG] Timer ticking. Current timeLeft: 372 @ https://kien-tap-code.vercel.app/chunk-G7I4AQHC.js:0
[  230275ms] [LOG] Timer ticking. Current timeLeft: 371 @ https://kien-tap-code.vercel.app/chunk-G7I4AQHC.js:0
[  231275ms] [LOG] Timer ticking. Current timeLeft: 370 @ https://kien-tap-code.vercel.app/chunk-G7I4AQHC.js:0
[  232275ms] [LOG] Timer ticking. Current timeLeft: 369 @ https://kien-tap-code.vercel.app/chunk-G7I4AQHC.js:0
[  233277ms] [LOG] Timer ticking. Current timeLeft: 368 @ https://kien-tap-code.vercel.app/chunk-G7I4AQHC.js:0
[  234275ms] [LOG] Timer ticking. Current timeLeft: 367 @ https://kien-tap-code.vercel.app/chunk-G7I4AQHC.js:0
[  235276ms] [LOG] Timer ticking. Current timeLeft: 366 @ https://kien-tap-code.vercel.app/chunk-G7I4AQHC.js:0
[  236278ms] [LOG] Timer ticking. Current timeLeft: 365 @ https://kien-tap-code.vercel.app/chunk-G7I4AQHC.js:0
[  237275ms] [LOG] Timer ticking. Current timeLeft: 364 @ https://kien-tap-code.vercel.app/chunk-G7I4AQHC.js:0
[  238288ms] [LOG] Timer ticking. Current timeLeft: 363 @ https://kien-tap-code.vercel.app/chunk-G7I4AQHC.js:0
[  239288ms] [LOG] Timer ticking. Current timeLeft: 362 @ https://kien-tap-code.vercel.app/chunk-G7I4AQHC.js:0
[  240289ms] [LOG] Timer ticking. Current timeLeft: 361 @ https://kien-tap-code.vercel.app/chunk-G7I4AQHC.js:0
[  241284ms] [LOG] Timer ticking. Current timeLeft: 360 @ https://kien-tap-code.vercel.app/chunk-G7I4AQHC.js:0
[  242282ms] [LOG] Timer ticking. Current timeLeft: 359 @ https://kien-tap-code.vercel.app/chunk-G7I4AQHC.js:0
[  243276ms] [LOG] Timer ticking. Current timeLeft: 358 @ https://kien-tap-code.vercel.app/chunk-G7I4AQHC.js:0
[  244275ms] [LOG] Timer ticking. Current timeLeft: 357 @ https://kien-tap-code.vercel.app/chunk-G7I4AQHC.js:0
[  245286ms] [LOG] Timer ticking. Current timeLeft: 356 @ https://kien-tap-code.vercel.app/chunk-G7I4AQHC.js:0
[  246275ms] [LOG] Timer ticking. Current timeLeft: 355 @ https://kien-tap-code.vercel.app/chunk-G7I4AQHC.js:0
[  247282ms] [LOG] Timer ticking. Current timeLeft: 354 @ https://kien-tap-code.vercel.app/chunk-G7I4AQHC.js:0
[  248289ms] [LOG] Timer ticking. Current timeLeft: 353 @ https://kien-tap-code.vercel.app/chunk-G7I4AQHC.js:0
[  249281ms] [LOG] Timer ticking. Current timeLeft: 352 @ https://kien-tap-code.vercel.app/chunk-G7I4AQHC.js:0
[  250285ms] [LOG] Timer ticking. Current timeLeft: 351 @ https://kien-tap-code.vercel.app/chunk-G7I4AQHC.js:0
[  251284ms] [LOG] Timer ticking. Current timeLeft: 350 @ https://kien-tap-code.vercel.app/chunk-G7I4AQHC.js:0
[  252285ms] [LOG] Timer ticking. Current timeLeft: 349 @ https://kien-tap-code.vercel.app/chunk-G7I4AQHC.js:0
[  253286ms] [LOG] Timer ticking. Current timeLeft: 348 @ https://kien-tap-code.vercel.app/chunk-G7I4AQHC.js:0
[  254287ms] [LOG] Timer ticking. Current timeLeft: 347 @ https://kien-tap-code.vercel.app/chunk-G7I4AQHC.js:0
[  255284ms] [LOG] Timer ticking. Current timeLeft: 346 @ https://kien-tap-code.vercel.app/chunk-G7I4AQHC.js:0
[  256282ms] [LOG] Timer ticking. Current timeLeft: 345 @ https://kien-tap-code.vercel.app/chunk-G7I4AQHC.js:0
[  257278ms] [LOG] Timer ticking. Current timeLeft: 344 @ https://kien-tap-code.vercel.app/chunk-G7I4AQHC.js:0
[  258280ms] [LOG] Timer ticking. Current timeLeft: 343 @ https://kien-tap-code.vercel.app/chunk-G7I4AQHC.js:0
[  259282ms] [LOG] Timer ticking. Current timeLeft: 342 @ https://kien-tap-code.vercel.app/chunk-G7I4AQHC.js:0
[  260275ms] [LOG] Timer ticking. Current timeLeft: 341 @ https://kien-tap-code.vercel.app/chunk-G7I4AQHC.js:0
[  261283ms] [LOG] Timer ticking. Current timeLeft: 340 @ https://kien-tap-code.vercel.app/chunk-G7I4AQHC.js:0
[  262276ms] [LOG] Timer ticking. Current timeLeft: 339 @ https://kien-tap-code.vercel.app/chunk-G7I4AQHC.js:0
[  263287ms] [LOG] Timer ticking. Current timeLeft: 338 @ https://kien-tap-code.vercel.app/chunk-G7I4AQHC.js:0
[  264276ms] [LOG] Timer ticking. Current timeLeft: 337 @ https://kien-tap-code.vercel.app/chunk-G7I4AQHC.js:0
[  265283ms] [LOG] Timer ticking. Current timeLeft: 336 @ https://kien-tap-code.vercel.app/chunk-G7I4AQHC.js:0
[  266284ms] [LOG] Timer ticking. Current timeLeft: 335 @ https://kien-tap-code.vercel.app/chunk-G7I4AQHC.js:0
[  267283ms] [LOG] Timer ticking. Current timeLeft: 334 @ https://kien-tap-code.vercel.app/chunk-G7I4AQHC.js:0
[  268282ms] [LOG] Timer ticking. Current timeLeft: 333 @ https://kien-tap-code.vercel.app/chunk-G7I4AQHC.js:0
[  269276ms] [LOG] Timer ticking. Current timeLeft: 332 @ https://kien-tap-code.vercel.app/chunk-G7I4AQHC.js:0
[  270275ms] [LOG] Timer ticking. Current timeLeft: 331 @ https://kien-tap-code.vercel.app/chunk-G7I4AQHC.js:0
[  271275ms] [LOG] Timer ticking. Current timeLeft: 330 @ https://kien-tap-code.vercel.app/chunk-G7I4AQHC.js:0
[  272290ms] [LOG] Timer ticking. Current timeLeft: 329 @ https://kien-tap-code.vercel.app/chunk-G7I4AQHC.js:0
[  273275ms] [LOG] Timer ticking. Current timeLeft: 328 @ https://kien-tap-code.vercel.app/chunk-G7I4AQHC.js:0
[  274287ms] [LOG] Timer ticking. Current timeLeft: 327 @ https://kien-tap-code.vercel.app/chunk-G7I4AQHC.js:0
[  275276ms] [LOG] Timer ticking. Current timeLeft: 326 @ https://kien-tap-code.vercel.app/chunk-G7I4AQHC.js:0
[  276281ms] [LOG] Timer ticking. Current timeLeft: 325 @ https://kien-tap-code.vercel.app/chunk-G7I4AQHC.js:0
[  277278ms] [LOG] Timer ticking. Current timeLeft: 324 @ https://kien-tap-code.vercel.app/chunk-G7I4AQHC.js:0
[  278276ms] [LOG] Timer ticking. Current timeLeft: 323 @ https://kien-tap-code.vercel.app/chunk-G7I4AQHC.js:0
[  279283ms] [LOG] Timer ticking. Current timeLeft: 322 @ https://kien-tap-code.vercel.app/chunk-G7I4AQHC.js:0
[  280288ms] [LOG] Timer ticking. Current timeLeft: 321 @ https://kien-tap-code.vercel.app/chunk-G7I4AQHC.js:0
[  281278ms] [LOG] Timer ticking. Current timeLeft: 320 @ https://kien-tap-code.vercel.app/chunk-G7I4AQHC.js:0
[  282289ms] [LOG] Timer ticking. Current timeLeft: 319 @ https://kien-tap-code.vercel.app/chunk-G7I4AQHC.js:0
[  283287ms] [LOG] Timer ticking. Current timeLeft: 318 @ https://kien-tap-code.vercel.app/chunk-G7I4AQHC.js:0
[  284284ms] [LOG] Timer ticking. Current timeLeft: 317 @ https://kien-tap-code.vercel.app/chunk-G7I4AQHC.js:0
[  285284ms] [LOG] Timer ticking. Current timeLeft: 316 @ https://kien-tap-code.vercel.app/chunk-G7I4AQHC.js:0
[  286284ms] [LOG] Timer ticking. Current timeLeft: 315 @ https://kien-tap-code.vercel.app/chunk-G7I4AQHC.js:0
[  287281ms] [LOG] Timer ticking. Current timeLeft: 314 @ https://kien-tap-code.vercel.app/chunk-G7I4AQHC.js:0
[  288285ms] [LOG] Timer ticking. Current timeLeft: 313 @ https://kien-tap-code.vercel.app/chunk-G7I4AQHC.js:0
[  289287ms] [LOG] Timer ticking. Current timeLeft: 312 @ https://kien-tap-code.vercel.app/chunk-G7I4AQHC.js:0
[  290285ms] [LOG] Timer ticking. Current timeLeft: 311 @ https://kien-tap-code.vercel.app/chunk-G7I4AQHC.js:0
[  291286ms] [LOG] Timer ticking. Current timeLeft: 310 @ https://kien-tap-code.vercel.app/chunk-G7I4AQHC.js:0
[  292277ms] [LOG] Timer ticking. Current timeLeft: 309 @ https://kien-tap-code.vercel.app/chunk-G7I4AQHC.js:0
[  293288ms] [LOG] Timer ticking. Current timeLeft: 308 @ https://kien-tap-code.vercel.app/chunk-G7I4AQHC.js:0
[  294287ms] [LOG] Timer ticking. Current timeLeft: 307 @ https://kien-tap-code.vercel.app/chunk-G7I4AQHC.js:0
[  295286ms] [LOG] Timer ticking. Current timeLeft: 306 @ https://kien-tap-code.vercel.app/chunk-G7I4AQHC.js:0
[  296285ms] [LOG] Timer ticking. Current timeLeft: 305 @ https://kien-tap-code.vercel.app/chunk-G7I4AQHC.js:0
[  297287ms] [LOG] Timer ticking. Current timeLeft: 304 @ https://kien-tap-code.vercel.app/chunk-G7I4AQHC.js:0
[  298276ms] [LOG] Timer ticking. Current timeLeft: 303 @ https://kien-tap-code.vercel.app/chunk-G7I4AQHC.js:0
[  299276ms] [LOG] Timer ticking. Current timeLeft: 302 @ https://kien-tap-code.vercel.app/chunk-G7I4AQHC.js:0
[  300287ms] [LOG] Timer ticking. Current timeLeft: 301 @ https://kien-tap-code.vercel.app/chunk-G7I4AQHC.js:0
[  301289ms] [LOG] Timer ticking. Current timeLeft: 300 @ https://kien-tap-code.vercel.app/chunk-G7I4AQHC.js:0
[  302285ms] [LOG] Timer ticking. Current timeLeft: 299 @ https://kien-tap-code.vercel.app/chunk-G7I4AQHC.js:0
[  303285ms] [LOG] Timer ticking. Current timeLeft: 298 @ https://kien-tap-code.vercel.app/chunk-G7I4AQHC.js:0
[  304287ms] [LOG] Timer ticking. Current timeLeft: 297 @ https://kien-tap-code.vercel.app/chunk-G7I4AQHC.js:0
[  305276ms] [LOG] Timer ticking. Current timeLeft: 296 @ https://kien-tap-code.vercel.app/chunk-G7I4AQHC.js:0
[  306290ms] [LOG] Timer ticking. Current timeLeft: 295 @ https://kien-tap-code.vercel.app/chunk-G7I4AQHC.js:0
[  307286ms] [LOG] Timer ticking. Current timeLeft: 294 @ https://kien-tap-code.vercel.app/chunk-G7I4AQHC.js:0
[  308284ms] [LOG] Timer ticking. Current timeLeft: 293 @ https://kien-tap-code.vercel.app/chunk-G7I4AQHC.js:0
[  309282ms] [LOG] Timer ticking. Current timeLeft: 292 @ https://kien-tap-code.vercel.app/chunk-G7I4AQHC.js:0
[  310281ms] [LOG] Timer ticking. Current timeLeft: 291 @ https://kien-tap-code.vercel.app/chunk-G7I4AQHC.js:0
[  311280ms] [LOG] Timer ticking. Current timeLeft: 290 @ https://kien-tap-code.vercel.app/chunk-G7I4AQHC.js:0
[  312276ms] [LOG] Timer ticking. Current timeLeft: 289 @ https://kien-tap-code.vercel.app/chunk-G7I4AQHC.js:0
[  313279ms] [LOG] Timer ticking. Current timeLeft: 288 @ https://kien-tap-code.vercel.app/chunk-G7I4AQHC.js:0
[  314290ms] [LOG] Timer ticking. Current timeLeft: 287 @ https://kien-tap-code.vercel.app/chunk-G7I4AQHC.js:0
[  315278ms] [LOG] Timer ticking. Current timeLeft: 286 @ https://kien-tap-code.vercel.app/chunk-G7I4AQHC.js:0
[  316290ms] [LOG] Timer ticking. Current timeLeft: 285 @ https://kien-tap-code.vercel.app/chunk-G7I4AQHC.js:0
[  317277ms] [LOG] Timer ticking. Current timeLeft: 284 @ https://kien-tap-code.vercel.app/chunk-G7I4AQHC.js:0
[  318288ms] [LOG] Timer ticking. Current timeLeft: 283 @ https://kien-tap-code.vercel.app/chunk-G7I4AQHC.js:0
[  319286ms] [LOG] Timer ticking. Current timeLeft: 282 @ https://kien-tap-code.vercel.app/chunk-G7I4AQHC.js:0
[  320278ms] [LOG] Timer ticking. Current timeLeft: 281 @ https://kien-tap-code.vercel.app/chunk-G7I4AQHC.js:0
[  321277ms] [LOG] Timer ticking. Current timeLeft: 280 @ https://kien-tap-code.vercel.app/chunk-G7I4AQHC.js:0
[  322290ms] [LOG] Timer ticking. Current timeLeft: 279 @ https://kien-tap-code.vercel.app/chunk-G7I4AQHC.js:0
[  323288ms] [LOG] Timer ticking. Current timeLeft: 278 @ https://kien-tap-code.vercel.app/chunk-G7I4AQHC.js:0
[  324284ms] [LOG] Timer ticking. Current timeLeft: 277 @ https://kien-tap-code.vercel.app/chunk-G7I4AQHC.js:0
[  325290ms] [LOG] Timer ticking. Current timeLeft: 276 @ https://kien-tap-code.vercel.app/chunk-G7I4AQHC.js:0
[  326279ms] [LOG] Timer ticking. Current timeLeft: 275 @ https://kien-tap-code.vercel.app/chunk-G7I4AQHC.js:0
[  327277ms] [LOG] Timer ticking. Current timeLeft: 274 @ https://kien-tap-code.vercel.app/chunk-G7I4AQHC.js:0
[  328276ms] [LOG] Timer ticking. Current timeLeft: 273 @ https://kien-tap-code.vercel.app/chunk-G7I4AQHC.js:0
[  329279ms] [LOG] Timer ticking. Current timeLeft: 272 @ https://kien-tap-code.vercel.app/chunk-G7I4AQHC.js:0
[  330278ms] [LOG] Timer ticking. Current timeLeft: 271 @ https://kien-tap-code.vercel.app/chunk-G7I4AQHC.js:0
[  331281ms] [LOG] Timer ticking. Current timeLeft: 270 @ https://kien-tap-code.vercel.app/chunk-G7I4AQHC.js:0
[  332277ms] [LOG] Timer ticking. Current timeLeft: 269 @ https://kien-tap-code.vercel.app/chunk-G7I4AQHC.js:0
[  333290ms] [LOG] Timer ticking. Current timeLeft: 268 @ https://kien-tap-code.vercel.app/chunk-G7I4AQHC.js:0
[  334276ms] [LOG] Timer ticking. Current timeLeft: 267 @ https://kien-tap-code.vercel.app/chunk-G7I4AQHC.js:0
[  335289ms] [LOG] Timer ticking. Current timeLeft: 266 @ https://kien-tap-code.vercel.app/chunk-G7I4AQHC.js:0
[  336287ms] [LOG] Timer ticking. Current timeLeft: 265 @ https://kien-tap-code.vercel.app/chunk-G7I4AQHC.js:0
[  337279ms] [LOG] Timer ticking. Current timeLeft: 264 @ https://kien-tap-code.vercel.app/chunk-G7I4AQHC.js:0
[  338286ms] [LOG] Timer ticking. Current timeLeft: 263 @ https://kien-tap-code.vercel.app/chunk-G7I4AQHC.js:0
[  339278ms] [LOG] Timer ticking. Current timeLeft: 262 @ https://kien-tap-code.vercel.app/chunk-G7I4AQHC.js:0
[  340278ms] [LOG] Timer ticking. Current timeLeft: 261 @ https://kien-tap-code.vercel.app/chunk-G7I4AQHC.js:0
[  341287ms] [LOG] Timer ticking. Current timeLeft: 260 @ https://kien-tap-code.vercel.app/chunk-G7I4AQHC.js:0
[  342287ms] [LOG] Timer ticking. Current timeLeft: 259 @ https://kien-tap-code.vercel.app/chunk-G7I4AQHC.js:0
[  343290ms] [LOG] Timer ticking. Current timeLeft: 258 @ https://kien-tap-code.vercel.app/chunk-G7I4AQHC.js:0
[  344281ms] [LOG] Timer ticking. Current timeLeft: 257 @ https://kien-tap-code.vercel.app/chunk-G7I4AQHC.js:0
[  345275ms] [LOG] Timer ticking. Current timeLeft: 256 @ https://kien-tap-code.vercel.app/chunk-G7I4AQHC.js:0
[  346287ms] [LOG] Timer ticking. Current timeLeft: 255 @ https://kien-tap-code.vercel.app/chunk-G7I4AQHC.js:0
[  347276ms] [LOG] Timer ticking. Current timeLeft: 254 @ https://kien-tap-code.vercel.app/chunk-G7I4AQHC.js:0
[  348283ms] [LOG] Timer ticking. Current timeLeft: 253 @ https://kien-tap-code.vercel.app/chunk-G7I4AQHC.js:0
[  349282ms] [LOG] Timer ticking. Current timeLeft: 252 @ https://kien-tap-code.vercel.app/chunk-G7I4AQHC.js:0
[  350282ms] [LOG] Timer ticking. Current timeLeft: 251 @ https://kien-tap-code.vercel.app/chunk-G7I4AQHC.js:0
[  351290ms] [LOG] Timer ticking. Current timeLeft: 250 @ https://kien-tap-code.vercel.app/chunk-G7I4AQHC.js:0
[  352279ms] [LOG] Timer ticking. Current timeLeft: 249 @ https://kien-tap-code.vercel.app/chunk-G7I4AQHC.js:0
[  353290ms] [LOG] Timer ticking. Current timeLeft: 248 @ https://kien-tap-code.vercel.app/chunk-G7I4AQHC.js:0
[  354276ms] [LOG] Timer ticking. Current timeLeft: 247 @ https://kien-tap-code.vercel.app/chunk-G7I4AQHC.js:0
[  355281ms] [LOG] Timer ticking. Current timeLeft: 246 @ https://kien-tap-code.vercel.app/chunk-G7I4AQHC.js:0
[  356290ms] [LOG] Timer ticking. Current timeLeft: 245 @ https://kien-tap-code.vercel.app/chunk-G7I4AQHC.js:0
[  357277ms] [LOG] Timer ticking. Current timeLeft: 244 @ https://kien-tap-code.vercel.app/chunk-G7I4AQHC.js:0
[  358277ms] [LOG] Timer ticking. Current timeLeft: 243 @ https://kien-tap-code.vercel.app/chunk-G7I4AQHC.js:0
[  359282ms] [LOG] Timer ticking. Current timeLeft: 242 @ https://kien-tap-code.vercel.app/chunk-G7I4AQHC.js:0
[  360277ms] [LOG] Timer ticking. Current timeLeft: 241 @ https://kien-tap-code.vercel.app/chunk-G7I4AQHC.js:0
[  361276ms] [LOG] Timer ticking. Current timeLeft: 240 @ https://kien-tap-code.vercel.app/chunk-G7I4AQHC.js:0
[  362277ms] [LOG] Timer ticking. Current timeLeft: 239 @ https://kien-tap-code.vercel.app/chunk-G7I4AQHC.js:0
[  363277ms] [LOG] Timer ticking. Current timeLeft: 238 @ https://kien-tap-code.vercel.app/chunk-G7I4AQHC.js:0
[  364289ms] [LOG] Timer ticking. Current timeLeft: 237 @ https://kien-tap-code.vercel.app/chunk-G7I4AQHC.js:0
[  365282ms] [LOG] Timer ticking. Current timeLeft: 236 @ https://kien-tap-code.vercel.app/chunk-G7I4AQHC.js:0
[  366283ms] [LOG] Timer ticking. Current timeLeft: 235 @ https://kien-tap-code.vercel.app/chunk-G7I4AQHC.js:0
[  367286ms] [LOG] Timer ticking. Current timeLeft: 234 @ https://kien-tap-code.vercel.app/chunk-G7I4AQHC.js:0
[  368289ms] [LOG] Timer ticking. Current timeLeft: 233 @ https://kien-tap-code.vercel.app/chunk-G7I4AQHC.js:0
[  369287ms] [LOG] Timer ticking. Current timeLeft: 232 @ https://kien-tap-code.vercel.app/chunk-G7I4AQHC.js:0
[  370279ms] [LOG] Timer ticking. Current timeLeft: 231 @ https://kien-tap-code.vercel.app/chunk-G7I4AQHC.js:0
[  371287ms] [LOG] Timer ticking. Current timeLeft: 230 @ https://kien-tap-code.vercel.app/chunk-G7I4AQHC.js:0
[  372285ms] [LOG] Timer ticking. Current timeLeft: 229 @ https://kien-tap-code.vercel.app/chunk-G7I4AQHC.js:0
[  373286ms] [LOG] Timer ticking. Current timeLeft: 228 @ https://kien-tap-code.vercel.app/chunk-G7I4AQHC.js:0
[  374283ms] [LOG] Timer ticking. Current timeLeft: 227 @ https://kien-tap-code.vercel.app/chunk-G7I4AQHC.js:0
[  375290ms] [LOG] Timer ticking. Current timeLeft: 226 @ https://kien-tap-code.vercel.app/chunk-G7I4AQHC.js:0
[  376276ms] [LOG] Timer ticking. Current timeLeft: 225 @ https://kien-tap-code.vercel.app/chunk-G7I4AQHC.js:0
[  377283ms] [LOG] Timer ticking. Current timeLeft: 224 @ https://kien-tap-code.vercel.app/chunk-G7I4AQHC.js:0
[  378290ms] [LOG] Timer ticking. Current timeLeft: 223 @ https://kien-tap-code.vercel.app/chunk-G7I4AQHC.js:0
[  379285ms] [LOG] Timer ticking. Current timeLeft: 222 @ https://kien-tap-code.vercel.app/chunk-G7I4AQHC.js:0
[  380280ms] [LOG] Timer ticking. Current timeLeft: 221 @ https://kien-tap-code.vercel.app/chunk-G7I4AQHC.js:0
[  381290ms] [LOG] Timer ticking. Current timeLeft: 220 @ https://kien-tap-code.vercel.app/chunk-G7I4AQHC.js:0
[  382280ms] [LOG] Timer ticking. Current timeLeft: 219 @ https://kien-tap-code.vercel.app/chunk-G7I4AQHC.js:0
[  383285ms] [LOG] Timer ticking. Current timeLeft: 218 @ https://kien-tap-code.vercel.app/chunk-G7I4AQHC.js:0
[  384283ms] [LOG] Timer ticking. Current timeLeft: 217 @ https://kien-tap-code.vercel.app/chunk-G7I4AQHC.js:0
[  385283ms] [LOG] Timer ticking. Current timeLeft: 216 @ https://kien-tap-code.vercel.app/chunk-G7I4AQHC.js:0
[  386282ms] [LOG] Timer ticking. Current timeLeft: 215 @ https://kien-tap-code.vercel.app/chunk-G7I4AQHC.js:0
[  387280ms] [LOG] Timer ticking. Current timeLeft: 214 @ https://kien-tap-code.vercel.app/chunk-G7I4AQHC.js:0
[  388287ms] [LOG] Timer ticking. Current timeLeft: 213 @ https://kien-tap-code.vercel.app/chunk-G7I4AQHC.js:0
[  389275ms] [LOG] Timer ticking. Current timeLeft: 212 @ https://kien-tap-code.vercel.app/chunk-G7I4AQHC.js:0
[  390278ms] [LOG] Timer ticking. Current timeLeft: 211 @ https://kien-tap-code.vercel.app/chunk-G7I4AQHC.js:0
[  391275ms] [LOG] Timer ticking. Current timeLeft: 210 @ https://kien-tap-code.vercel.app/chunk-G7I4AQHC.js:0
[  392289ms] [LOG] Timer ticking. Current timeLeft: 209 @ https://kien-tap-code.vercel.app/chunk-G7I4AQHC.js:0
[  393280ms] [LOG] Timer ticking. Current timeLeft: 208 @ https://kien-tap-code.vercel.app/chunk-G7I4AQHC.js:0
[  394288ms] [LOG] Timer ticking. Current timeLeft: 207 @ https://kien-tap-code.vercel.app/chunk-G7I4AQHC.js:0
[  395275ms] [LOG] Timer ticking. Current timeLeft: 206 @ https://kien-tap-code.vercel.app/chunk-G7I4AQHC.js:0
[  396285ms] [LOG] Timer ticking. Current timeLeft: 205 @ https://kien-tap-code.vercel.app/chunk-G7I4AQHC.js:0
[  397288ms] [LOG] Timer ticking. Current timeLeft: 204 @ https://kien-tap-code.vercel.app/chunk-G7I4AQHC.js:0
[  398287ms] [LOG] Timer ticking. Current timeLeft: 203 @ https://kien-tap-code.vercel.app/chunk-G7I4AQHC.js:0
[  399280ms] [LOG] Timer ticking. Current timeLeft: 202 @ https://kien-tap-code.vercel.app/chunk-G7I4AQHC.js:0
[  400278ms] [LOG] Timer ticking. Current timeLeft: 201 @ https://kien-tap-code.vercel.app/chunk-G7I4AQHC.js:0
[  401277ms] [LOG] Timer ticking. Current timeLeft: 200 @ https://kien-tap-code.vercel.app/chunk-G7I4AQHC.js:0
[  402275ms] [LOG] Timer ticking. Current timeLeft: 199 @ https://kien-tap-code.vercel.app/chunk-G7I4AQHC.js:0
[  403275ms] [LOG] Timer ticking. Current timeLeft: 198 @ https://kien-tap-code.vercel.app/chunk-G7I4AQHC.js:0
[  404283ms] [LOG] Timer ticking. Current timeLeft: 197 @ https://kien-tap-code.vercel.app/chunk-G7I4AQHC.js:0
[  405280ms] [LOG] Timer ticking. Current timeLeft: 196 @ https://kien-tap-code.vercel.app/chunk-G7I4AQHC.js:0
[  406281ms] [LOG] Timer ticking. Current timeLeft: 195 @ https://kien-tap-code.vercel.app/chunk-G7I4AQHC.js:0
[  407276ms] [LOG] Timer ticking. Current timeLeft: 194 @ https://kien-tap-code.vercel.app/chunk-G7I4AQHC.js:0
[  408275ms] [LOG] Timer ticking. Current timeLeft: 193 @ https://kien-tap-code.vercel.app/chunk-G7I4AQHC.js:0
[  409288ms] [LOG] Timer ticking. Current timeLeft: 192 @ https://kien-tap-code.vercel.app/chunk-G7I4AQHC.js:0
[  410287ms] [LOG] Timer ticking. Current timeLeft: 191 @ https://kien-tap-code.vercel.app/chunk-G7I4AQHC.js:0
[  411286ms] [LOG] Timer ticking. Current timeLeft: 190 @ https://kien-tap-code.vercel.app/chunk-G7I4AQHC.js:0
[  412276ms] [LOG] Timer ticking. Current timeLeft: 189 @ https://kien-tap-code.vercel.app/chunk-G7I4AQHC.js:0
[  413276ms] [LOG] Timer ticking. Current timeLeft: 188 @ https://kien-tap-code.vercel.app/chunk-G7I4AQHC.js:0
[  414285ms] [LOG] Timer ticking. Current timeLeft: 187 @ https://kien-tap-code.vercel.app/chunk-G7I4AQHC.js:0
[  415286ms] [LOG] Timer ticking. Current timeLeft: 186 @ https://kien-tap-code.vercel.app/chunk-G7I4AQHC.js:0
[  416281ms] [LOG] Timer ticking. Current timeLeft: 185 @ https://kien-tap-code.vercel.app/chunk-G7I4AQHC.js:0
[  417290ms] [LOG] Timer ticking. Current timeLeft: 184 @ https://kien-tap-code.vercel.app/chunk-G7I4AQHC.js:0
[  418280ms] [LOG] Timer ticking. Current timeLeft: 183 @ https://kien-tap-code.vercel.app/chunk-G7I4AQHC.js:0
[  419281ms] [LOG] Timer ticking. Current timeLeft: 182 @ https://kien-tap-code.vercel.app/chunk-G7I4AQHC.js:0
[  420287ms] [LOG] Timer ticking. Current timeLeft: 181 @ https://kien-tap-code.vercel.app/chunk-G7I4AQHC.js:0
[  421279ms] [LOG] Timer ticking. Current timeLeft: 180 @ https://kien-tap-code.vercel.app/chunk-G7I4AQHC.js:0
[  422285ms] [LOG] Timer ticking. Current timeLeft: 179 @ https://kien-tap-code.vercel.app/chunk-G7I4AQHC.js:0
[  423281ms] [LOG] Timer ticking. Current timeLeft: 178 @ https://kien-tap-code.vercel.app/chunk-G7I4AQHC.js:0
[  424286ms] [LOG] Timer ticking. Current timeLeft: 177 @ https://kien-tap-code.vercel.app/chunk-G7I4AQHC.js:0
[  425286ms] [LOG] Timer ticking. Current timeLeft: 176 @ https://kien-tap-code.vercel.app/chunk-G7I4AQHC.js:0
[  426283ms] [LOG] Timer ticking. Current timeLeft: 175 @ https://kien-tap-code.vercel.app/chunk-G7I4AQHC.js:0
[  427284ms] [LOG] Timer ticking. Current timeLeft: 174 @ https://kien-tap-code.vercel.app/chunk-G7I4AQHC.js:0
[  428288ms] [LOG] Timer ticking. Current timeLeft: 173 @ https://kien-tap-code.vercel.app/chunk-G7I4AQHC.js:0
[  429287ms] [LOG] Timer ticking. Current timeLeft: 172 @ https://kien-tap-code.vercel.app/chunk-G7I4AQHC.js:0
[  430286ms] [LOG] Timer ticking. Current timeLeft: 171 @ https://kien-tap-code.vercel.app/chunk-G7I4AQHC.js:0
[  431283ms] [LOG] Timer ticking. Current timeLeft: 170 @ https://kien-tap-code.vercel.app/chunk-G7I4AQHC.js:0
[  432286ms] [LOG] Timer ticking. Current timeLeft: 169 @ https://kien-tap-code.vercel.app/chunk-G7I4AQHC.js:0
[  433279ms] [LOG] Timer ticking. Current timeLeft: 168 @ https://kien-tap-code.vercel.app/chunk-G7I4AQHC.js:0
[  434277ms] [LOG] Timer ticking. Current timeLeft: 167 @ https://kien-tap-code.vercel.app/chunk-G7I4AQHC.js:0
[  435287ms] [LOG] Timer ticking. Current timeLeft: 166 @ https://kien-tap-code.vercel.app/chunk-G7I4AQHC.js:0
[  436285ms] [LOG] Timer ticking. Current timeLeft: 165 @ https://kien-tap-code.vercel.app/chunk-G7I4AQHC.js:0
[  437285ms] [LOG] Timer ticking. Current timeLeft: 164 @ https://kien-tap-code.vercel.app/chunk-G7I4AQHC.js:0
[  438283ms] [LOG] Timer ticking. Current timeLeft: 163 @ https://kien-tap-code.vercel.app/chunk-G7I4AQHC.js:0
[  439281ms] [LOG] Timer ticking. Current timeLeft: 162 @ https://kien-tap-code.vercel.app/chunk-G7I4AQHC.js:0
[  440278ms] [LOG] Timer ticking. Current timeLeft: 161 @ https://kien-tap-code.vercel.app/chunk-G7I4AQHC.js:0
[  441281ms] [LOG] Timer ticking. Current timeLeft: 160 @ https://kien-tap-code.vercel.app/chunk-G7I4AQHC.js:0
[  442286ms] [LOG] Timer ticking. Current timeLeft: 159 @ https://kien-tap-code.vercel.app/chunk-G7I4AQHC.js:0
[  443277ms] [LOG] Timer ticking. Current timeLeft: 158 @ https://kien-tap-code.vercel.app/chunk-G7I4AQHC.js:0
[  444286ms] [LOG] Timer ticking. Current timeLeft: 157 @ https://kien-tap-code.vercel.app/chunk-G7I4AQHC.js:0
[  445281ms] [LOG] Timer ticking. Current timeLeft: 156 @ https://kien-tap-code.vercel.app/chunk-G7I4AQHC.js:0
[  446276ms] [LOG] Timer ticking. Current timeLeft: 155 @ https://kien-tap-code.vercel.app/chunk-G7I4AQHC.js:0
[  447286ms] [LOG] Timer ticking. Current timeLeft: 154 @ https://kien-tap-code.vercel.app/chunk-G7I4AQHC.js:0
[  448284ms] [LOG] Timer ticking. Current timeLeft: 153 @ https://kien-tap-code.vercel.app/chunk-G7I4AQHC.js:0
[  449289ms] [LOG] Timer ticking. Current timeLeft: 152 @ https://kien-tap-code.vercel.app/chunk-G7I4AQHC.js:0
[  450287ms] [LOG] Timer ticking. Current timeLeft: 151 @ https://kien-tap-code.vercel.app/chunk-G7I4AQHC.js:0
[  451282ms] [LOG] Timer ticking. Current timeLeft: 150 @ https://kien-tap-code.vercel.app/chunk-G7I4AQHC.js:0
[  452276ms] [LOG] Timer ticking. Current timeLeft: 149 @ https://kien-tap-code.vercel.app/chunk-G7I4AQHC.js:0
[  453298ms] [LOG] Timer ticking. Current timeLeft: 148 @ https://kien-tap-code.vercel.app/chunk-G7I4AQHC.js:0
[  454283ms] [LOG] Timer ticking. Current timeLeft: 147 @ https://kien-tap-code.vercel.app/chunk-G7I4AQHC.js:0
[  455278ms] [LOG] Timer ticking. Current timeLeft: 146 @ https://kien-tap-code.vercel.app/chunk-G7I4AQHC.js:0
[  456283ms] [LOG] Timer ticking. Current timeLeft: 145 @ https://kien-tap-code.vercel.app/chunk-G7I4AQHC.js:0
[  457283ms] [LOG] Timer ticking. Current timeLeft: 144 @ https://kien-tap-code.vercel.app/chunk-G7I4AQHC.js:0
[  458280ms] [LOG] Timer ticking. Current timeLeft: 143 @ https://kien-tap-code.vercel.app/chunk-G7I4AQHC.js:0
[  459289ms] [LOG] Timer ticking. Current timeLeft: 142 @ https://kien-tap-code.vercel.app/chunk-G7I4AQHC.js:0
[  460282ms] [LOG] Timer ticking. Current timeLeft: 141 @ https://kien-tap-code.vercel.app/chunk-G7I4AQHC.js:0
[  461289ms] [LOG] Timer ticking. Current timeLeft: 140 @ https://kien-tap-code.vercel.app/chunk-G7I4AQHC.js:0
[  462276ms] [LOG] Timer ticking. Current timeLeft: 139 @ https://kien-tap-code.vercel.app/chunk-G7I4AQHC.js:0
[  463286ms] [LOG] Timer ticking. Current timeLeft: 138 @ https://kien-tap-code.vercel.app/chunk-G7I4AQHC.js:0
[  464282ms] [LOG] Timer ticking. Current timeLeft: 137 @ https://kien-tap-code.vercel.app/chunk-G7I4AQHC.js:0
[  465281ms] [LOG] Timer ticking. Current timeLeft: 136 @ https://kien-tap-code.vercel.app/chunk-G7I4AQHC.js:0
[  466276ms] [LOG] Timer ticking. Current timeLeft: 135 @ https://kien-tap-code.vercel.app/chunk-G7I4AQHC.js:0
[  467289ms] [LOG] Timer ticking. Current timeLeft: 134 @ https://kien-tap-code.vercel.app/chunk-G7I4AQHC.js:0
[  468278ms] [LOG] Timer ticking. Current timeLeft: 133 @ https://kien-tap-code.vercel.app/chunk-G7I4AQHC.js:0
[  469281ms] [LOG] Timer ticking. Current timeLeft: 132 @ https://kien-tap-code.vercel.app/chunk-G7I4AQHC.js:0
[  470284ms] [LOG] Timer ticking. Current timeLeft: 131 @ https://kien-tap-code.vercel.app/chunk-G7I4AQHC.js:0
[  471284ms] [LOG] Timer ticking. Current timeLeft: 130 @ https://kien-tap-code.vercel.app/chunk-G7I4AQHC.js:0
[  472286ms] [LOG] Timer ticking. Current timeLeft: 129 @ https://kien-tap-code.vercel.app/chunk-G7I4AQHC.js:0
[  473276ms] [LOG] Timer ticking. Current timeLeft: 128 @ https://kien-tap-code.vercel.app/chunk-G7I4AQHC.js:0
[  474281ms] [LOG] Timer ticking. Current timeLeft: 127 @ https://kien-tap-code.vercel.app/chunk-G7I4AQHC.js:0
[  475275ms] [LOG] Timer ticking. Current timeLeft: 126 @ https://kien-tap-code.vercel.app/chunk-G7I4AQHC.js:0
[  476289ms] [LOG] Timer ticking. Current timeLeft: 125 @ https://kien-tap-code.vercel.app/chunk-G7I4AQHC.js:0
[  477290ms] [LOG] Timer ticking. Current timeLeft: 124 @ https://kien-tap-code.vercel.app/chunk-G7I4AQHC.js:0
[  478289ms] [LOG] Timer ticking. Current timeLeft: 123 @ https://kien-tap-code.vercel.app/chunk-G7I4AQHC.js:0
[  479287ms] [LOG] Timer ticking. Current timeLeft: 122 @ https://kien-tap-code.vercel.app/chunk-G7I4AQHC.js:0
[  480284ms] [LOG] Timer ticking. Current timeLeft: 121 @ https://kien-tap-code.vercel.app/chunk-G7I4AQHC.js:0
[  481281ms] [LOG] Timer ticking. Current timeLeft: 120 @ https://kien-tap-code.vercel.app/chunk-G7I4AQHC.js:0
[  482284ms] [LOG] Timer ticking. Current timeLeft: 119 @ https://kien-tap-code.vercel.app/chunk-G7I4AQHC.js:0
[  483276ms] [LOG] Timer ticking. Current timeLeft: 118 @ https://kien-tap-code.vercel.app/chunk-G7I4AQHC.js:0
[  484287ms] [LOG] Timer ticking. Current timeLeft: 117 @ https://kien-tap-code.vercel.app/chunk-G7I4AQHC.js:0
[  485289ms] [LOG] Timer ticking. Current timeLeft: 116 @ https://kien-tap-code.vercel.app/chunk-G7I4AQHC.js:0
[  486287ms] [LOG] Timer ticking. Current timeLeft: 115 @ https://kien-tap-code.vercel.app/chunk-G7I4AQHC.js:0
[  487281ms] [LOG] Timer ticking. Current timeLeft: 114 @ https://kien-tap-code.vercel.app/chunk-G7I4AQHC.js:0
[  488279ms] [LOG] Timer ticking. Current timeLeft: 113 @ https://kien-tap-code.vercel.app/chunk-G7I4AQHC.js:0
[  489277ms] [LOG] Timer ticking. Current timeLeft: 112 @ https://kien-tap-code.vercel.app/chunk-G7I4AQHC.js:0
[  490277ms] [LOG] Timer ticking. Current timeLeft: 111 @ https://kien-tap-code.vercel.app/chunk-G7I4AQHC.js:0
[  491276ms] [LOG] Timer ticking. Current timeLeft: 110 @ https://kien-tap-code.vercel.app/chunk-G7I4AQHC.js:0
[  492279ms] [LOG] Timer ticking. Current timeLeft: 109 @ https://kien-tap-code.vercel.app/chunk-G7I4AQHC.js:0
[  493281ms] [LOG] Timer ticking. Current timeLeft: 108 @ https://kien-tap-code.vercel.app/chunk-G7I4AQHC.js:0
[  494285ms] [LOG] Timer ticking. Current timeLeft: 107 @ https://kien-tap-code.vercel.app/chunk-G7I4AQHC.js:0
[  495276ms] [LOG] Timer ticking. Current timeLeft: 106 @ https://kien-tap-code.vercel.app/chunk-G7I4AQHC.js:0
[  496279ms] [LOG] Timer ticking. Current timeLeft: 105 @ https://kien-tap-code.vercel.app/chunk-G7I4AQHC.js:0
[  497282ms] [LOG] Timer ticking. Current timeLeft: 104 @ https://kien-tap-code.vercel.app/chunk-G7I4AQHC.js:0
[  498290ms] [LOG] Timer ticking. Current timeLeft: 103 @ https://kien-tap-code.vercel.app/chunk-G7I4AQHC.js:0
[  499276ms] [LOG] Timer ticking. Current timeLeft: 102 @ https://kien-tap-code.vercel.app/chunk-G7I4AQHC.js:0
[  500279ms] [LOG] Timer ticking. Current timeLeft: 101 @ https://kien-tap-code.vercel.app/chunk-G7I4AQHC.js:0
[  501278ms] [LOG] Timer ticking. Current timeLeft: 100 @ https://kien-tap-code.vercel.app/chunk-G7I4AQHC.js:0
[  502278ms] [LOG] Timer ticking. Current timeLeft: 99 @ https://kien-tap-code.vercel.app/chunk-G7I4AQHC.js:0
[  503282ms] [LOG] Timer ticking. Current timeLeft: 98 @ https://kien-tap-code.vercel.app/chunk-G7I4AQHC.js:0
[  504283ms] [LOG] Timer ticking. Current timeLeft: 97 @ https://kien-tap-code.vercel.app/chunk-G7I4AQHC.js:0
[  505290ms] [LOG] Timer ticking. Current timeLeft: 96 @ https://kien-tap-code.vercel.app/chunk-G7I4AQHC.js:0
[  506277ms] [LOG] Timer ticking. Current timeLeft: 95 @ https://kien-tap-code.vercel.app/chunk-G7I4AQHC.js:0
[  507278ms] [LOG] Timer ticking. Current timeLeft: 94 @ https://kien-tap-code.vercel.app/chunk-G7I4AQHC.js:0
[  508277ms] [LOG] Timer ticking. Current timeLeft: 93 @ https://kien-tap-code.vercel.app/chunk-G7I4AQHC.js:0
[  509277ms] [LOG] Timer ticking. Current timeLeft: 92 @ https://kien-tap-code.vercel.app/chunk-G7I4AQHC.js:0
[  510290ms] [LOG] Timer ticking. Current timeLeft: 91 @ https://kien-tap-code.vercel.app/chunk-G7I4AQHC.js:0
[  511289ms] [LOG] Timer ticking. Current timeLeft: 90 @ https://kien-tap-code.vercel.app/chunk-G7I4AQHC.js:0
[  512276ms] [LOG] Timer ticking. Current timeLeft: 89 @ https://kien-tap-code.vercel.app/chunk-G7I4AQHC.js:0
[  513278ms] [LOG] Timer ticking. Current timeLeft: 88 @ https://kien-tap-code.vercel.app/chunk-G7I4AQHC.js:0
[  514278ms] [LOG] Timer ticking. Current timeLeft: 87 @ https://kien-tap-code.vercel.app/chunk-G7I4AQHC.js:0
[  515277ms] [LOG] Timer ticking. Current timeLeft: 86 @ https://kien-tap-code.vercel.app/chunk-G7I4AQHC.js:0
[  516279ms] [LOG] Timer ticking. Current timeLeft: 85 @ https://kien-tap-code.vercel.app/chunk-G7I4AQHC.js:0
[  517280ms] [LOG] Timer ticking. Current timeLeft: 84 @ https://kien-tap-code.vercel.app/chunk-G7I4AQHC.js:0
[  518283ms] [LOG] Timer ticking. Current timeLeft: 83 @ https://kien-tap-code.vercel.app/chunk-G7I4AQHC.js:0
[  519290ms] [LOG] Timer ticking. Current timeLeft: 82 @ https://kien-tap-code.vercel.app/chunk-G7I4AQHC.js:0
[  520278ms] [LOG] Timer ticking. Current timeLeft: 81 @ https://kien-tap-code.vercel.app/chunk-G7I4AQHC.js:0
[  521277ms] [LOG] Timer ticking. Current timeLeft: 80 @ https://kien-tap-code.vercel.app/chunk-G7I4AQHC.js:0
[  522277ms] [LOG] Timer ticking. Current timeLeft: 79 @ https://kien-tap-code.vercel.app/chunk-G7I4AQHC.js:0
[  523276ms] [LOG] Timer ticking. Current timeLeft: 78 @ https://kien-tap-code.vercel.app/chunk-G7I4AQHC.js:0
[  524283ms] [LOG] Timer ticking. Current timeLeft: 77 @ https://kien-tap-code.vercel.app/chunk-G7I4AQHC.js:0
[  525280ms] [LOG] Timer ticking. Current timeLeft: 76 @ https://kien-tap-code.vercel.app/chunk-G7I4AQHC.js:0
[  526281ms] [LOG] Timer ticking. Current timeLeft: 75 @ https://kien-tap-code.vercel.app/chunk-G7I4AQHC.js:0
[  527281ms] [LOG] Timer ticking. Current timeLeft: 74 @ https://kien-tap-code.vercel.app/chunk-G7I4AQHC.js:0
[  528284ms] [LOG] Timer ticking. Current timeLeft: 73 @ https://kien-tap-code.vercel.app/chunk-G7I4AQHC.js:0
[  529280ms] [LOG] Timer ticking. Current timeLeft: 72 @ https://kien-tap-code.vercel.app/chunk-G7I4AQHC.js:0
[  530277ms] [LOG] Timer ticking. Current timeLeft: 71 @ https://kien-tap-code.vercel.app/chunk-G7I4AQHC.js:0
[  531289ms] [LOG] Timer ticking. Current timeLeft: 70 @ https://kien-tap-code.vercel.app/chunk-G7I4AQHC.js:0
[  532279ms] [LOG] Timer ticking. Current timeLeft: 69 @ https://kien-tap-code.vercel.app/chunk-G7I4AQHC.js:0
[  533283ms] [LOG] Timer ticking. Current timeLeft: 68 @ https://kien-tap-code.vercel.app/chunk-G7I4AQHC.js:0
[  534282ms] [LOG] Timer ticking. Current timeLeft: 67 @ https://kien-tap-code.vercel.app/chunk-G7I4AQHC.js:0
[  535288ms] [LOG] Timer ticking. Current timeLeft: 66 @ https://kien-tap-code.vercel.app/chunk-G7I4AQHC.js:0
[  536277ms] [LOG] Timer ticking. Current timeLeft: 65 @ https://kien-tap-code.vercel.app/chunk-G7I4AQHC.js:0
[  537276ms] [LOG] Timer ticking. Current timeLeft: 64 @ https://kien-tap-code.vercel.app/chunk-G7I4AQHC.js:0
[  538275ms] [LOG] Timer ticking. Current timeLeft: 63 @ https://kien-tap-code.vercel.app/chunk-G7I4AQHC.js:0
[  539277ms] [LOG] Timer ticking. Current timeLeft: 62 @ https://kien-tap-code.vercel.app/chunk-G7I4AQHC.js:0
[  540278ms] [LOG] Timer ticking. Current timeLeft: 61 @ https://kien-tap-code.vercel.app/chunk-G7I4AQHC.js:0
[  541276ms] [LOG] Timer ticking. Current timeLeft: 60 @ https://kien-tap-code.vercel.app/chunk-G7I4AQHC.js:0
[  542283ms] [LOG] Timer ticking. Current timeLeft: 59 @ https://kien-tap-code.vercel.app/chunk-G7I4AQHC.js:0
[  543283ms] [LOG] Timer ticking. Current timeLeft: 58 @ https://kien-tap-code.vercel.app/chunk-G7I4AQHC.js:0
[  544281ms] [LOG] Timer ticking. Current timeLeft: 57 @ https://kien-tap-code.vercel.app/chunk-G7I4AQHC.js:0
[  545279ms] [LOG] Timer ticking. Current timeLeft: 56 @ https://kien-tap-code.vercel.app/chunk-G7I4AQHC.js:0
[  546280ms] [LOG] Timer ticking. Current timeLeft: 55 @ https://kien-tap-code.vercel.app/chunk-G7I4AQHC.js:0
[  547279ms] [LOG] Timer ticking. Current timeLeft: 54 @ https://kien-tap-code.vercel.app/chunk-G7I4AQHC.js:0
[  548282ms] [LOG] Timer ticking. Current timeLeft: 53 @ https://kien-tap-code.vercel.app/chunk-G7I4AQHC.js:0
[  549282ms] [LOG] Timer ticking. Current timeLeft: 52 @ https://kien-tap-code.vercel.app/chunk-G7I4AQHC.js:0
[  550281ms] [LOG] Timer ticking. Current timeLeft: 51 @ https://kien-tap-code.vercel.app/chunk-G7I4AQHC.js:0
[  551281ms] [LOG] Timer ticking. Current timeLeft: 50 @ https://kien-tap-code.vercel.app/chunk-G7I4AQHC.js:0
[  552278ms] [LOG] Timer ticking. Current timeLeft: 49 @ https://kien-tap-code.vercel.app/chunk-G7I4AQHC.js:0
[  553282ms] [LOG] Timer ticking. Current timeLeft: 48 @ https://kien-tap-code.vercel.app/chunk-G7I4AQHC.js:0
[  554283ms] [LOG] Timer ticking. Current timeLeft: 47 @ https://kien-tap-code.vercel.app/chunk-G7I4AQHC.js:0
[  555281ms] [LOG] Timer ticking. Current timeLeft: 46 @ https://kien-tap-code.vercel.app/chunk-G7I4AQHC.js:0
[  556276ms] [LOG] Timer ticking. Current timeLeft: 45 @ https://kien-tap-code.vercel.app/chunk-G7I4AQHC.js:0
[  557278ms] [LOG] Timer ticking. Current timeLeft: 44 @ https://kien-tap-code.vercel.app/chunk-G7I4AQHC.js:0
[  558289ms] [LOG] Timer ticking. Current timeLeft: 43 @ https://kien-tap-code.vercel.app/chunk-G7I4AQHC.js:0
[  559287ms] [LOG] Timer ticking. Current timeLeft: 42 @ https://kien-tap-code.vercel.app/chunk-G7I4AQHC.js:0
[  560281ms] [LOG] Timer ticking. Current timeLeft: 41 @ https://kien-tap-code.vercel.app/chunk-G7I4AQHC.js:0
[  561280ms] [LOG] Timer ticking. Current timeLeft: 40 @ https://kien-tap-code.vercel.app/chunk-G7I4AQHC.js:0
[  562275ms] [LOG] Timer ticking. Current timeLeft: 39 @ https://kien-tap-code.vercel.app/chunk-G7I4AQHC.js:0
[  563288ms] [LOG] Timer ticking. Current timeLeft: 38 @ https://kien-tap-code.vercel.app/chunk-G7I4AQHC.js:0
[  564283ms] [LOG] Timer ticking. Current timeLeft: 37 @ https://kien-tap-code.vercel.app/chunk-G7I4AQHC.js:0
[  565276ms] [LOG] Timer ticking. Current timeLeft: 36 @ https://kien-tap-code.vercel.app/chunk-G7I4AQHC.js:0
[  566279ms] [LOG] Timer ticking. Current timeLeft: 35 @ https://kien-tap-code.vercel.app/chunk-G7I4AQHC.js:0
[  567275ms] [LOG] Timer ticking. Current timeLeft: 34 @ https://kien-tap-code.vercel.app/chunk-G7I4AQHC.js:0
[  568275ms] [LOG] Timer ticking. Current timeLeft: 33 @ https://kien-tap-code.vercel.app/chunk-G7I4AQHC.js:0
[  569276ms] [LOG] Timer ticking. Current timeLeft: 32 @ https://kien-tap-code.vercel.app/chunk-G7I4AQHC.js:0
[  570275ms] [LOG] Timer ticking. Current timeLeft: 31 @ https://kien-tap-code.vercel.app/chunk-G7I4AQHC.js:0
[  571275ms] [LOG] Timer ticking. Current timeLeft: 30 @ https://kien-tap-code.vercel.app/chunk-G7I4AQHC.js:0
[  572280ms] [LOG] Timer ticking. Current timeLeft: 29 @ https://kien-tap-code.vercel.app/chunk-G7I4AQHC.js:0
[  573275ms] [LOG] Timer ticking. Current timeLeft: 28 @ https://kien-tap-code.vercel.app/chunk-G7I4AQHC.js:0
[  574290ms] [LOG] Timer ticking. Current timeLeft: 27 @ https://kien-tap-code.vercel.app/chunk-G7I4AQHC.js:0
[  575283ms] [LOG] Timer ticking. Current timeLeft: 26 @ https://kien-tap-code.vercel.app/chunk-G7I4AQHC.js:0
[  576285ms] [LOG] Timer ticking. Current timeLeft: 25 @ https://kien-tap-code.vercel.app/chunk-G7I4AQHC.js:0
[  577276ms] [LOG] Timer ticking. Current timeLeft: 24 @ https://kien-tap-code.vercel.app/chunk-G7I4AQHC.js:0
[  578276ms] [LOG] Timer ticking. Current timeLeft: 23 @ https://kien-tap-code.vercel.app/chunk-G7I4AQHC.js:0
[  579275ms] [LOG] Timer ticking. Current timeLeft: 22 @ https://kien-tap-code.vercel.app/chunk-G7I4AQHC.js:0
[  580290ms] [LOG] Timer ticking. Current timeLeft: 21 @ https://kien-tap-code.vercel.app/chunk-G7I4AQHC.js:0
[  581275ms] [LOG] Timer ticking. Current timeLeft: 20 @ https://kien-tap-code.vercel.app/chunk-G7I4AQHC.js:0
[  582275ms] [LOG] Timer ticking. Current timeLeft: 19 @ https://kien-tap-code.vercel.app/chunk-G7I4AQHC.js:0
[  583288ms] [LOG] Timer ticking. Current timeLeft: 18 @ https://kien-tap-code.vercel.app/chunk-G7I4AQHC.js:0
[  584284ms] [LOG] Timer ticking. Current timeLeft: 17 @ https://kien-tap-code.vercel.app/chunk-G7I4AQHC.js:0
[  585285ms] [LOG] Timer ticking. Current timeLeft: 16 @ https://kien-tap-code.vercel.app/chunk-G7I4AQHC.js:0
[  586282ms] [LOG] Timer ticking. Current timeLeft: 15 @ https://kien-tap-code.vercel.app/chunk-G7I4AQHC.js:0
[  587286ms] [LOG] Timer ticking. Current timeLeft: 14 @ https://kien-tap-code.vercel.app/chunk-G7I4AQHC.js:0
[  588288ms] [LOG] Timer ticking. Current timeLeft: 13 @ https://kien-tap-code.vercel.app/chunk-G7I4AQHC.js:0
[  589291ms] [LOG] Timer ticking. Current timeLeft: 12 @ https://kien-tap-code.vercel.app/chunk-G7I4AQHC.js:0
[  590278ms] [LOG] Timer ticking. Current timeLeft: 11 @ https://kien-tap-code.vercel.app/chunk-G7I4AQHC.js:0
[  591281ms] [LOG] Timer ticking. Current timeLeft: 10 @ https://kien-tap-code.vercel.app/chunk-G7I4AQHC.js:0
[  592286ms] [LOG] Timer ticking. Current timeLeft: 9 @ https://kien-tap-code.vercel.app/chunk-G7I4AQHC.js:0
[  593283ms] [LOG] Timer ticking. Current timeLeft: 8 @ https://kien-tap-code.vercel.app/chunk-G7I4AQHC.js:0
[  594276ms] [LOG] Timer ticking. Current timeLeft: 7 @ https://kien-tap-code.vercel.app/chunk-G7I4AQHC.js:0
[  595276ms] [LOG] Timer ticking. Current timeLeft: 6 @ https://kien-tap-code.vercel.app/chunk-G7I4AQHC.js:0
[  596275ms] [LOG] Timer ticking. Current timeLeft: 5 @ https://kien-tap-code.vercel.app/chunk-G7I4AQHC.js:0
[  597276ms] [LOG] Timer ticking. Current timeLeft: 4 @ https://kien-tap-code.vercel.app/chunk-G7I4AQHC.js:0
[  598280ms] [LOG] Timer ticking. Current timeLeft: 3 @ https://kien-tap-code.vercel.app/chunk-G7I4AQHC.js:0
[  599279ms] [LOG] Timer ticking. Current timeLeft: 2 @ https://kien-tap-code.vercel.app/chunk-G7I4AQHC.js:0
[  600282ms] [LOG] Timer ticking. Current timeLeft: 1 @ https://kien-tap-code.vercel.app/chunk-G7I4AQHC.js:0
[  601281ms] [LOG] Timer ticking. Current timeLeft: 0 @ https://kien-tap-code.vercel.app/chunk-G7I4AQHC.js:0
[  644272ms] [LOG] [searchTrips] API response: {success: true, message: Tìm kiếm chuyến xe thành công!, data: Array(0)} @ https://kien-tap-code.vercel.app/chunk-UQYVLEPT.js:0
[  644272ms] [LOG] [searchTrips] response.data.length: 0 @ https://kien-tap-code.vercel.app/chunk-UQYVLEPT.js:0
[  644272ms] [LOG] [searchTrips] filteredTrips.length (render): 0 @ https://kien-tap-code.vercel.app/chunk-UQYVLEPT.js:0
